<?xml version="1.0" encoding="UTF-8"?>
<robot generator="Robot 3.2.2 (Python 3.9.1 on win32)" generated="20210326 00:55:07.875" rpa="false">
<suite id="s1" name="LTRobot" source="D:\B-Mine\Company\Company\Ericsson\robot_workpace\LTRobot">
<suite id="s1-s1" name="Openemr Suite" source="D:\B-Mine\Company\Company\Ericsson\robot_workpace\LTRobot\openemr_suite">
<suite id="s1-s1-s1" name="Login Tests2" source="D:\B-Mine\Company\Company\Ericsson\robot_workpace\LTRobot\openemr_suite\login_tests2.robot">
<test id="s1-s1-s1-t1" name="TC1_InvalidCredential1">
<kw name="Append To Environment Variable" library="OperatingSystem">
<doc>Appends given ``values`` to environment variable ``name``.</doc>
<arguments>
<arg>PATH</arg>
<arg>${EXECDIR}${/}driver</arg>
</arguments>
<msg timestamp="20210326 00:55:08.296" level="INFO">Environment variable 'PATH' set to value 'C:/Users/JiDi/.p2/pool/plugins/org.eclipse.justj.openjdk.hotspot.jre.full.win32.x86_64_15.0.2.v20210201-0955/jre/bin/server;C:/Users/JiDi/.p2/pool/plugins/org.eclipse.justj.openjdk.hotspot.jre.full.win32.x86_64_15.0.2.v20210201-0955/jre/bin;C:\Program Files (x86)\Common Files\Oracle\Java\javapath;C:\WINDOWS\system32;C:\WINDOWS;C:\WINDOWS\System32\Wbem;C:\WINDOWS\System32\WindowsPowerShell\v1.0\;C:\WINDOWS\System32\OpenSSH\;C:\Program Files\Java\jdk1.8.0_281\bin;C:\Users\JiDi\AppData\Local\Android\Sdk\platform-tools;C:\Users\JiDi\AppData\Local\Android\Sdk\emulator;C:\Program Files\nodejs\;C:\Components\Maven\apache-maven-3.6.3\bin;C:\Program Files\Java\jdk1.8.0_281\bin;C:\Program Files\Git\cmd;C:\Program Files (x86)\Windows Kits\10\Windows Performance Toolkit\;C:\Program Files\Python39;C:\Program Files\Python39\Scripts;C:\Users\JiDi\AppData\Roaming\npm;;C:\Users\JiDi\Desktop;;D:\B-Mine\Company\Company\Ericsson\robot_workpace\LTRobot\driver'.</msg>
<status status="PASS" starttime="20210326 00:55:08.270" endtime="20210326 00:55:08.296"></status>
</kw>
<kw name="Open Browser" library="SeleniumLibrary">
<doc>Opens a new browser instance to the optional ``url``.</doc>
<arguments>
<arg>url=https://demo.openemr.io/b/openemr/interface/login/login.php?site=default</arg>
<arg>browser=${BROWSER}</arg>
</arguments>
<msg timestamp="20210326 00:55:08.303" level="INFO">Opening browser 'chrome' to base url 'https://demo.openemr.io/b/openemr/interface/login/login.php?site=default'.</msg>
<status status="PASS" starttime="20210326 00:55:08.297" endtime="20210326 00:55:14.230"></status>
</kw>
<kw name="Maximize Browser Window" library="SeleniumLibrary">
<doc>Maximizes current browser window.</doc>
<status status="PASS" starttime="20210326 00:55:14.231" endtime="20210326 00:55:14.372"></status>
</kw>
<kw name="Set Selenium Implicit Wait" library="SeleniumLibrary">
<doc>Sets the implicit wait value used by Selenium.</doc>
<arguments>
<arg>30s</arg>
</arguments>
<status status="PASS" starttime="20210326 00:55:14.373" endtime="20210326 00:55:14.386"></status>
</kw>
<kw name="Input Text" library="SeleniumLibrary">
<doc>Types the given ``text`` into the text field identified by ``locator``.</doc>
<arguments>
<arg>xpath=//input[@id='authUser']</arg>
<arg>admin123</arg>
</arguments>
<msg timestamp="20210326 00:55:14.400" level="INFO">Typing text 'admin123' into text field 'xpath=//input[@id='authUser']'.</msg>
<status status="PASS" starttime="20210326 00:55:14.387" endtime="20210326 00:55:14.693"></status>
</kw>
<kw name="Input Password" library="SeleniumLibrary">
<doc>Types the given password into the text field identified by ``locator``.</doc>
<arguments>
<arg>id=clearPass</arg>
<arg>pass</arg>
</arguments>
<msg timestamp="20210326 00:55:14.700" level="INFO">Typing password into text field 'id=clearPass'.</msg>
<msg timestamp="20210326 00:55:14.742" level="INFO">Temporally setting log level to: NONE</msg>
<msg timestamp="20210326 00:55:14.824" level="INFO">Log level changed from NONE to INFO.</msg>
<status status="PASS" starttime="20210326 00:55:14.694" endtime="20210326 00:55:14.825"></status>
</kw>
<kw name="Select From List By Label" library="SeleniumLibrary">
<doc>Selects options from selection list ``locator`` by ``labels``.</doc>
<arguments>
<arg>name=languageChoice</arg>
<arg>English (Indian)</arg>
</arguments>
<msg timestamp="20210326 00:55:14.833" level="INFO">Selecting options from selection list 'name=languageChoice' by label English (Indian).</msg>
<status status="PASS" starttime="20210326 00:55:14.826" endtime="20210326 00:55:14.966"></status>
</kw>
<kw name="Click Element" library="SeleniumLibrary">
<doc>Click the element identified by ``locator``.</doc>
<arguments>
<arg>xpath=//button[@type='submit']</arg>
</arguments>
<msg timestamp="20210326 00:55:14.974" level="INFO">Clicking element 'xpath=//button[@type='submit']'.</msg>
<status status="PASS" starttime="20210326 00:55:14.967" endtime="20210326 00:55:16.073"></status>
</kw>
<kw name="Element Should Contain" library="SeleniumLibrary">
<doc>Verifies that element ``locator`` contains text ``expected``.</doc>
<arguments>
<arg>xpath=//div[contains(text(),'Invalid')]</arg>
<arg>Invalid username or password</arg>
</arguments>
<msg timestamp="20210326 00:55:16.118" level="INFO">Element 'xpath=//div[contains(text(),'Invalid')]' contains text 'Invalid username or password'.</msg>
<status status="PASS" starttime="20210326 00:55:16.074" endtime="20210326 00:55:16.118"></status>
</kw>
<kw name="End_Browser" type="teardown">
<arguments>
<arg>${PREV_TEST_NAME}</arg>
</arguments>
<kw name="Capture Page Screenshot" library="SeleniumLibrary">
<doc>Takes a screenshot of the current page and embeds it into a log file.</doc>
<arguments>
<arg>${name}_{index}.png</arg>
</arguments>
<msg timestamp="20210326 00:55:32.760" level="INFO" html="yes">&lt;/td&gt;&lt;/tr&gt;&lt;tr&gt;&lt;td colspan="3"&gt;&lt;a href="_1.png"&gt;&lt;img src="_1.png" width="800px"&gt;&lt;/a&gt;</msg>
<status status="PASS" starttime="20210326 00:55:16.124" endtime="20210326 00:55:32.760"></status>
</kw>
<kw name="Close All Browsers" library="SeleniumLibrary">
<doc>Closes all open browsers and resets the browser cache.</doc>
<status status="PASS" starttime="20210326 00:55:32.761" endtime="20210326 00:55:36.391"></status>
</kw>
<status status="PASS" starttime="20210326 00:55:16.119" endtime="20210326 00:55:36.393"></status>
</kw>
<status status="PASS" starttime="20210326 00:55:08.269" endtime="20210326 00:55:36.395" critical="yes"></status>
</test>
<status status="PASS" starttime="20210326 00:55:07.993" endtime="20210326 00:55:36.397"></status>
</suite>
<status status="PASS" starttime="20210326 00:55:07.989" endtime="20210326 00:55:36.405"></status>
</suite>
<status status="PASS" starttime="20210326 00:55:07.964" endtime="20210326 00:55:36.408"></status>
</suite>
<statistics>
<total>
<stat pass="1" fail="0">Critical Tests</stat>
<stat pass="1" fail="0">All Tests</stat>
</total>
<tag>
</tag>
<suite>
<stat pass="1" fail="0" id="s1" name="LTRobot">LTRobot</stat>
<stat pass="1" fail="0" id="s1-s1" name="Openemr Suite">LTRobot.Openemr Suite</stat>
<stat pass="1" fail="0" id="s1-s1-s1" name="Login Tests2">LTRobot.Openemr Suite.Login Tests2</stat>
</suite>
</statistics>
<errors>
</errors>
</robot>
