<?xml version="1.0" encoding="UTF-8"?>
<robot generator="Robot 3.2.2 (Python 3.9.1 on win32)" generated="20210326 00:12:26.203" rpa="false">
<suite id="s1" name="Login Tests" source="D:\B-Mine\Company\Company\Ericsson\robot_workpace\LTRobot\openemr_suite\login_tests.robot">
<test id="s1-t1" name="TC1_InvalidCredential">
<kw name="Append To Environment Variable" library="OperatingSystem">
<doc>Appends given ``values`` to environment variable ``name``.</doc>
<arguments>
<arg>PATH</arg>
<arg>${EXECDIR}${/}driver</arg>
</arguments>
<msg timestamp="20210326 00:12:26.482" level="INFO">Environment variable 'PATH' set to value 'C:\Program Files (x86)\Common Files\Oracle\Java\javapath;C:\WINDOWS\system32;C:\WINDOWS;C:\WINDOWS\System32\Wbem;C:\WINDOWS\System32\WindowsPowerShell\v1.0\;C:\WINDOWS\System32\OpenSSH\;C:\Program Files\Java\jdk1.8.0_281\bin;C:\Users\JiDi\AppData\Local\Android\Sdk\platform-tools;C:\Users\JiDi\AppData\Local\Android\Sdk\emulator;C:\Program Files\nodejs\;C:\Components\Maven\apache-maven-3.6.3\bin;C:\Program Files\Java\jdk1.8.0_281\bin;C:\Program Files\Git\cmd;C:\Program Files (x86)\Windows Kits\10\Windows Performance Toolkit\;C:\Program Files\Python39;C:\Program Files\Python39\Scripts;C:\Users\JiDi\AppData\Roaming\npm;D:\B-Mine\Company\Company\Ericsson\robot_workpace\LTRobot\driver'.</msg>
<status status="PASS" starttime="20210326 00:12:26.481" endtime="20210326 00:12:26.482"></status>
</kw>
<kw name="Open Browser" library="SeleniumLibrary">
<doc>Opens a new browser instance to the optional ``url``.</doc>
<arguments>
<arg>url=https://demo.openemr.io/b/openemr/interface/login/login.php?site=default</arg>
<arg>browser=${BROWSER}</arg>
</arguments>
<msg timestamp="20210326 00:12:26.482" level="INFO">Opening browser 'chrome' to base url 'https://demo.openemr.io/b/openemr/interface/login/login.php?site=default'.</msg>
<status status="PASS" starttime="20210326 00:12:26.482" endtime="20210326 00:12:31.291"></status>
</kw>
<kw name="Maximize Browser Window" library="SeleniumLibrary">
<doc>Maximizes current browser window.</doc>
<status status="PASS" starttime="20210326 00:12:31.292" endtime="20210326 00:12:31.409"></status>
</kw>
<kw name="Set Selenium Implicit Wait" library="SeleniumLibrary">
<doc>Sets the implicit wait value used by Selenium.</doc>
<arguments>
<arg>30s</arg>
</arguments>
<status status="PASS" starttime="20210326 00:12:31.409" endtime="20210326 00:12:31.413"></status>
</kw>
<kw name="Input Text" library="SeleniumLibrary">
<doc>Types the given ``text`` into the text field identified by ``locator``.</doc>
<arguments>
<arg>xpath=//input[@id='authUser']</arg>
<arg>admin123</arg>
</arguments>
<msg timestamp="20210326 00:12:31.415" level="INFO">Typing text 'admin123' into text field 'xpath=//input[@id='authUser']'.</msg>
<status status="PASS" starttime="20210326 00:12:31.414" endtime="20210326 00:12:31.500"></status>
</kw>
<kw name="Input Password" library="SeleniumLibrary">
<doc>Types the given password into the text field identified by ``locator``.</doc>
<arguments>
<arg>id=clearPass</arg>
<arg>pass</arg>
</arguments>
<msg timestamp="20210326 00:12:31.501" level="INFO">Typing password into text field 'id=clearPass'.</msg>
<msg timestamp="20210326 00:12:31.541" level="INFO">Temporally setting log level to: NONE</msg>
<msg timestamp="20210326 00:12:31.588" level="INFO">Log level changed from NONE to INFO.</msg>
<status status="PASS" starttime="20210326 00:12:31.501" endtime="20210326 00:12:31.588"></status>
</kw>
<kw name="Select From List By Label" library="SeleniumLibrary">
<doc>Selects options from selection list ``locator`` by ``labels``.</doc>
<arguments>
<arg>name=languageChoice</arg>
<arg>English (Indian)</arg>
</arguments>
<msg timestamp="20210326 00:12:31.588" level="INFO">Selecting options from selection list 'name=languageChoice' by label English (Indian).</msg>
<status status="PASS" starttime="20210326 00:12:31.588" endtime="20210326 00:12:31.658"></status>
</kw>
<kw name="Click Element" library="SeleniumLibrary">
<doc>Click the element identified by ``locator``.</doc>
<arguments>
<arg>xpath=//button[@type='submit']</arg>
</arguments>
<msg timestamp="20210326 00:12:31.659" level="INFO">Clicking element 'xpath=//button[@type='submit']'.</msg>
<status status="PASS" starttime="20210326 00:12:31.658" endtime="20210326 00:12:32.801"></status>
</kw>
<kw name="Element Should Contain" library="SeleniumLibrary">
<doc>Verifies that element ``locator`` contains text ``expected``.</doc>
<arguments>
<arg>xpath=//div[contains(text(),'Invalid')]</arg>
<arg>Invalid username or password</arg>
</arguments>
<msg timestamp="20210326 00:12:32.829" level="INFO">Element 'xpath=//div[contains(text(),'Invalid')]' contains text 'Invalid username or password'.</msg>
<status status="PASS" starttime="20210326 00:12:32.802" endtime="20210326 00:12:32.829"></status>
</kw>
<kw name="Close Browser" library="SeleniumLibrary">
<doc>Closes the current browser.</doc>
<status status="PASS" starttime="20210326 00:12:32.830" endtime="20210326 00:12:35.089"></status>
</kw>
<status status="PASS" starttime="20210326 00:12:26.479" endtime="20210326 00:12:35.091" critical="yes"></status>
</test>
<status status="PASS" starttime="20210326 00:12:26.205" endtime="20210326 00:12:35.101"></status>
</suite>
<statistics>
<total>
<stat pass="1" fail="0">Critical Tests</stat>
<stat pass="1" fail="0">All Tests</stat>
</total>
<tag>
</tag>
<suite>
<stat pass="1" fail="0" id="s1" name="Login Tests">Login Tests</stat>
</suite>
</statistics>
<errors>
</errors>
</robot>
