<?xml version="1.0" encoding="UTF-8"?>
<robot generator="Robot 3.2.2 (Python 3.9.1 on win32)" generated="20210327 03:50:28.829" rpa="false">
<suite id="s1" name="Signup Tests" source="D:\B-Mine\Company\Company\Ericsson\robot_workpace\LTRobot\openemr_suite\signup_tests.robot">
<test id="s1-t1" name="Create3">
<kw name="Log" library="BuiltIn">
<doc>Logs the given message with the given level.</doc>
<arguments>
<arg>TC1</arg>
</arguments>
<msg timestamp="20210327 03:50:30.549" level="INFO">TC1</msg>
<status status="PASS" starttime="20210327 03:50:30.549" endtime="20210327 03:50:30.549"></status>
</kw>
<doc>Log the detail in console
Balaji
Examples:
| Log To Console | Hello, console! |</doc>
<status status="PASS" starttime="20210327 03:50:30.548" endtime="20210327 03:50:30.549" critical="yes"></status>
</test>
<status status="PASS" starttime="20210327 03:50:28.831" endtime="20210327 03:50:30.550"></status>
</suite>
<statistics>
<total>
<stat pass="1" fail="0">Critical Tests</stat>
<stat pass="1" fail="0">All Tests</stat>
</total>
<tag>
</tag>
<suite>
<stat pass="1" fail="0" id="s1" name="Signup Tests">Signup Tests</stat>
</suite>
</statistics>
<errors>
</errors>
</robot>
